<?xml version="1.0" encoding="UTF-8"?>
<!-- Generated by org.testng.reporters.JUnitReportReporter -->
<testsuite hostname="AlyMamdouhPC" failures="0" tests="1" name="Tests.TC01_AddingCustomer" time="2.173" errors="0" timestamp="2024-10-12T03:53:34 EEST" skipped="0">
  <testcase classname="Tests.TC01_AddingCustomer" name="AddingCust" time="2.173"/>
</testsuite> <!-- Tests.TC01_AddingCustomer -->
