<?xml version="1.0" encoding="UTF-8"?>
<!-- Generated by org.testng.reporters.JUnitReportReporter -->
<testsuite hostname="AlyMamdouhPC" failures="0" tests="1" name="Tests.TC04_Sorting" time="1.762" errors="0" timestamp="2024-10-12T03:53:34 EEST" skipped="0">
  <testcase classname="Tests.TC04_Sorting" name="SortingPostcode" time="1.762"/>
</testsuite> <!-- Tests.TC04_Sorting -->
