<?xml version="1.0" encoding="UTF-8"?>
<!-- Generated by org.testng.reporters.JUnitReportReporter -->
<testsuite hostname="AlyMamdouhPC" failures="0" tests="2" name="Tests.TC02_OpenAcc" time="4.801" errors="0" timestamp="2024-10-12T03:53:34 EEST" skipped="0">
  <testcase classname="Tests.TC02_OpenAcc" name="AddingCus" time="2.570"/>
  <testcase classname="Tests.TC02_OpenAcc" name="OpeningAccount" time="2.231"/>
</testsuite> <!-- Tests.TC02_OpenAcc -->
