<?xml version="1.0" encoding="UTF-8"?>
<!-- Generated by org.testng.reporters.JUnitReportReporter -->
<testsuite hostname="AlyMamdouhPC" failures="0" tests="1" name="Tests.TC03_Searching" time="2.958" errors="0" timestamp="2024-10-12T03:53:34 EEST" skipped="0">
  <testcase classname="Tests.TC03_Searching" name="validLoginTC" time="2.958"/>
</testsuite> <!-- Tests.TC03_Searching -->
